<?xml version="1.0" encoding="UTF-8"?>
<testsuite name="TestNGTest-3569f9cd-4c3f-487b-a9a2-bb31c6e9c0e5"
           tests="8"
           failures="1"
           errors="0"
           skipped="2"
           time="35.175">
    <properties></properties>

            <testcase
                name="signIn"
                time="2.018"
                classname="com.test2.ProAppTest">

            <failure type="org.openqa.selenium.NoSuchSessionException" message="invalid session id
Build info: version: &apos;4.8.1&apos;, revision: &apos;8ebccac989&apos;
System info: os.name: &apos;Windows 10&apos;, os.arch: &apos;amd64&apos;, os.version: &apos;10.0&apos;, java.version: &apos;19.0.2&apos;
Driver info: org.openqa.selenium.chrome.ChromeDriver
Command: [7ba90c522dc5db4a7195fbb6b1804dd5, findElement {using=name, value=userName}]
Capabilities {acceptInsecureCerts: false, browserName: chrome, browserVersion: 94.0.4606.61, chrome: {chromedriverVersion: 94.0.4606.113 (9d935b6bb55e..., userDataDir: C:\Users\NehLata\AppData\Lo...}, goog:chromeOptions: {debuggerAddress: localhost:60968}, networkConnectionEnabled: false, pageLoadStrategy: normal, platformName: WINDOWS, proxy: Proxy(), se:cdp: ws://localhost:60968/devtoo..., se:cdpVersion: 94.0.4606.61, setWindowRect: true, strictFileInteractability: false, timeouts: {implicit: 0, pageLoad: 300000, script: 30000}, unhandledPromptBehavior: dismiss and notify, webauthn:extension:credBlob: true, webauthn:extension:largeBlob: true, webauthn:virtualAuthenticators: true}
Session ID: 7ba90c522dc5db4a7195fbb6b1804dd5">
                <![CDATA[org.openqa.selenium.NoSuchSessionException: invalid session id
Build info: version: '4.8.1', revision: '8ebccac989'
System info: os.name: 'Windows 10', os.arch: 'amd64', os.version: '10.0', java.version: '19.0.2'
Driver info: org.openqa.selenium.chrome.ChromeDriver
Command: [7ba90c522dc5db4a7195fbb6b1804dd5, findElement {using=name, value=userName}]
Capabilities {acceptInsecureCerts: false, browserName: chrome, browserVersion: 94.0.4606.61, chrome: {chromedriverVersion: 94.0.4606.113 (9d935b6bb55e..., userDataDir: C:\Users\NehLata\AppData\Lo...}, goog:chromeOptions: {debuggerAddress: localhost:60968}, networkConnectionEnabled: false, pageLoadStrategy: normal, platformName: WINDOWS, proxy: Proxy(), se:cdp: ws://localhost:60968/devtoo..., se:cdpVersion: 94.0.4606.61, setWindowRect: true, strictFileInteractability: false, timeouts: {implicit: 0, pageLoad: 300000, script: 30000}, unhandledPromptBehavior: dismiss and notify, webauthn:extension:credBlob: true, webauthn:extension:largeBlob: true, webauthn:virtualAuthenticators: true}
Session ID: 7ba90c522dc5db4a7195fbb6b1804dd5
                java.base/jdk.internal.reflect.DirectConstructorHandleAccessor.newInstance(DirectConstructorHandleAccessor.java:67)java.base/java.lang.reflect.Constructor.newInstanceWithCaller(Constructor.java:500)java.base/java.lang.reflect.Constructor.newInstance(Constructor.java:484)org.openqa.selenium.remote.codec.w3c.W3CHttpResponseCodec.createException(W3CHttpResponseCodec.java:200)org.openqa.selenium.remote.codec.w3c.W3CHttpResponseCodec.decode(W3CHttpResponseCodec.java:133)org.openqa.selenium.remote.codec.w3c.W3CHttpResponseCodec.decode(W3CHttpResponseCodec.java:53)org.openqa.selenium.remote.HttpCommandExecutor.execute(HttpCommandExecutor.java:184)org.openqa.selenium.remote.service.DriverCommandExecutor.invokeExecute(DriverCommandExecutor.java:167)org.openqa.selenium.remote.service.DriverCommandExecutor.execute(DriverCommandExecutor.java:142)org.openqa.selenium.remote.RemoteWebDriver.execute(RemoteWebDriver.java:543)org.openqa.selenium.remote.ElementLocation$ElementFinder$2.findElement(ElementLocation.java:162)org.openqa.selenium.remote.ElementLocation.findElement(ElementLocation.java:60)org.openqa.selenium.remote.RemoteWebDriver.findElement(RemoteWebDriver.java:352)org.openqa.selenium.remote.RemoteWebDriver.findElement(RemoteWebDriver.java:344)com.test2.ProAppTest.signIn(ProAppTest.java:137)java.base/jdk.internal.reflect.DirectMethodHandleAccessor.invoke(DirectMethodHandleAccessor.java:104)java.base/java.lang.reflect.Method.invoke(Method.java:578)org.testng.internal.invokers.MethodInvocationHelper.invokeMethod(MethodInvocationHelper.java:139)org.testng.internal.invokers.TestInvoker.invokeMethod(TestInvoker.java:677)org.testng.internal.invokers.TestInvoker.invokeTestMethod(TestInvoker.java:221)org.testng.internal.invokers.MethodRunner.runInSequence(MethodRunner.java:50)org.testng.internal.invokers.TestInvoker$MethodInvocationAgent.invoke(TestInvoker.java:969)org.testng.internal.invokers.TestInvoker.invokeTestMethods(TestInvoker.java:194)org.testng.internal.invokers.TestMethodWorker.invokeTestMethods(TestMethodWorker.java:148)org.testng.internal.invokers.TestMethodWorker.run(TestMethodWorker.java:128)java.base/java.util.ArrayList.forEach(ArrayList.java:1511)org.testng.TestRunner.privateRun(TestRunner.java:829)org.testng.TestRunner.run(TestRunner.java:602)org.testng.SuiteRunner.runTest(SuiteRunner.java:437)org.testng.SuiteRunner.runSequentially(SuiteRunner.java:431)org.testng.SuiteRunner.privateRun(SuiteRunner.java:391)org.testng.SuiteRunner.run(SuiteRunner.java:330)org.testng.SuiteRunnerWorker.runSuite(SuiteRunnerWorker.java:52)org.testng.SuiteRunnerWorker.run(SuiteRunnerWorker.java:95)org.testng.TestNG.runSuitesSequentially(TestNG.java:1256)org.testng.TestNG.runSuitesLocally(TestNG.java:1176)org.testng.TestNG.runSuites(TestNG.java:1099)org.testng.TestNG.run(TestNG.java:1067)com.microsoft.java.test.runner.testng.TestNGRunner.run(TestNGRunner.java:45)com.microsoft.java.test.runner.testng.TestNGLauncher.execute(TestNGLauncher.java:32)com.microsoft.java.test.runner.Launcher.main(Launcher.java:57)
]]>
            </failure>
    </testcase>

            <testcase
                name="signOut"
                time="0.0"
                classname="com.test2.ProAppTest">
            </testcase>
            <testcase
                name="tearDown"
                time="0.0"
                classname="com.test2.ProAppTest">
            </testcase>

            <testcase
                name="registerMethod"
                time="0.992"
                classname="com.test2.ProAppTest">
            </testcase>
            <testcase
                name="signInClick"
                time="0.097"
                classname="com.test2.ProAppTest">
            </testcase>
            <testcase
                name="addClose"
                time="14.257"
                classname="com.test2.ProAppTest">
            </testcase>
            <testcase
                name="fillForm"
                time="7.206"
                classname="com.test2.ProAppTest">
            </testcase>
            <testcase
                name="setUp"
                time="10.605"
                classname="com.test2.ProAppTest">
            </testcase>
</testsuite>
